<?xml version="1.0" encoding="UTF-8"?>
<!-- Generated by org.testng.reporters.JUnitReportReporter -->
<testsuite skipped="0" hostname="IT3ANCVR" name="utilities.TestBase" tests="1" failures="0" timestamp="18 Sep 2020 13:08:19 GMT" time="3.438" errors="0">
  <testcase name="testMethod" time="3.438" classname="utilities.TestBase"/>
</testsuite> <!-- utilities.TestBase -->
