<?xml version="1.0" encoding="UTF-8"?>
<!-- Generated by org.testng.reporters.JUnitReportReporter -->
<testsuite skipped="0" hostname="IT3ANCVR" name="testRunner.LessonWorksheetRunner" tests="1" failures="0" timestamp="18 Sep 2020 16:25:02 GMT" time="7.825" errors="0">
  <testcase name="runScenario" time="7.825" classname="testRunner.LessonWorksheetRunner"/>
</testsuite> <!-- testRunner.LessonWorksheetRunner -->
