<?xml version="1.0" encoding="UTF-8"?>
<!-- Generated by org.testng.reporters.JUnitReportReporter -->
<testsuite skipped="0" hostname="IT3ANCVR" name="testRunner.LessonWorksheetRunner" tests="1" failures="0" timestamp="18 Sep 2020 19:22:32 GMT" time="8.469" errors="0">
  <testcase name="runScenario" time="8.469" classname="testRunner.LessonWorksheetRunner"/>
</testsuite> <!-- testRunner.LessonWorksheetRunner -->
